<?xml version="1.0" encoding="UTF-8"?>
<testsuite xmlns:xsi="http://www.w3.org/2001/XMLSchema-instance" xsi:noNamespaceSchemaLocation="https://maven.apache.org/surefire/maven-surefire-plugin/xsd/surefire-test-report.xsd" name="com.icbc.gateway.GatewayApplicationTests" time="8.384" tests="3" errors="0" skipped="0" failures="0">
  <properties>
    <property name="sun.desktop" value="windows"/>
    <property name="awt.toolkit" value="sun.awt.windows.WToolkit"/>
    <property name="file.encoding.pkg" value="sun.io"/>
    <property name="java.specification.version" value="1.8"/>
    <property name="sun.cpu.isalist" value=""/>
    <property name="sun.jnu.encoding" value="GBK"/>
    <property name="java.class.path" value="D:\itcast\deiaDemo\gateway\target\test-classes;D:\itcast\deiaDemo\gateway\target\classes;D:\itcast\maven\apache-maven-3.5.4\setting\javax\servlet\javax.servlet-api\3.1.0\javax.servlet-api-3.1.0.jar;D:\itcast\maven\apache-maven-3.5.4\setting\org\springframework\boot\spring-boot-starter-web\2.0.5.RELEASE\spring-boot-starter-web-2.0.5.RELEASE.jar;D:\itcast\maven\apache-maven-3.5.4\setting\org\springframework\boot\spring-boot-starter\2.0.5.RELEASE\spring-boot-starter-2.0.5.RELEASE.jar;D:\itcast\maven\apache-maven-3.5.4\setting\org\springframework\boot\spring-boot\2.0.5.RELEASE\spring-boot-2.0.5.RELEASE.jar;D:\itcast\maven\apache-maven-3.5.4\setting\org\springframework\boot\spring-boot-autoconfigure\2.0.5.RELEASE\spring-boot-autoconfigure-2.0.5.RELEASE.jar;D:\itcast\maven\apache-maven-3.5.4\setting\javax\annotation\javax.annotation-api\1.3.2\javax.annotation-api-1.3.2.jar;D:\itcast\maven\apache-maven-3.5.4\setting\org\yaml\snakeyaml\1.19\snakeyaml-1.19.jar;D:\itcast\maven\apache-maven-3.5.4\setting\org\springframework\boot\spring-boot-starter-json\2.0.5.RELEASE\spring-boot-starter-json-2.0.5.RELEASE.jar;D:\itcast\maven\apache-maven-3.5.4\setting\com\fasterxml\jackson\core\jackson-databind\2.9.6\jackson-databind-2.9.6.jar;D:\itcast\maven\apache-maven-3.5.4\setting\com\fasterxml\jackson\core\jackson-annotations\2.9.0\jackson-annotations-2.9.0.jar;D:\itcast\maven\apache-maven-3.5.4\setting\com\fasterxml\jackson\core\jackson-core\2.9.6\jackson-core-2.9.6.jar;D:\itcast\maven\apache-maven-3.5.4\setting\com\fasterxml\jackson\datatype\jackson-datatype-jdk8\2.9.6\jackson-datatype-jdk8-2.9.6.jar;D:\itcast\maven\apache-maven-3.5.4\setting\com\fasterxml\jackson\datatype\jackson-datatype-jsr310\2.9.6\jackson-datatype-jsr310-2.9.6.jar;D:\itcast\maven\apache-maven-3.5.4\setting\com\fasterxml\jackson\module\jackson-module-parameter-names\2.9.6\jackson-module-parameter-names-2.9.6.jar;D:\itcast\maven\apache-maven-3.5.4\setting\org\springframework\boot\spring-boot-starter-tomcat\2.0.5.RELEASE\spring-boot-starter-tomcat-2.0.5.RELEASE.jar;D:\itcast\maven\apache-maven-3.5.4\setting\org\apache\tomcat\embed\tomcat-embed-core\8.5.34\tomcat-embed-core-8.5.34.jar;D:\itcast\maven\apache-maven-3.5.4\setting\org\apache\tomcat\embed\tomcat-embed-el\8.5.34\tomcat-embed-el-8.5.34.jar;D:\itcast\maven\apache-maven-3.5.4\setting\org\apache\tomcat\embed\tomcat-embed-websocket\8.5.34\tomcat-embed-websocket-8.5.34.jar;D:\itcast\maven\apache-maven-3.5.4\setting\org\hibernate\validator\hibernate-validator\6.0.12.Final\hibernate-validator-6.0.12.Final.jar;D:\itcast\maven\apache-maven-3.5.4\setting\javax\validation\validation-api\2.0.1.Final\validation-api-2.0.1.Final.jar;D:\itcast\maven\apache-maven-3.5.4\setting\org\jboss\logging\jboss-logging\3.3.2.Final\jboss-logging-3.3.2.Final.jar;D:\itcast\maven\apache-maven-3.5.4\setting\com\fasterxml\classmate\1.3.4\classmate-1.3.4.jar;D:\itcast\maven\apache-maven-3.5.4\setting\org\springframework\spring-web\5.0.9.RELEASE\spring-web-5.0.9.RELEASE.jar;D:\itcast\maven\apache-maven-3.5.4\setting\org\springframework\spring-beans\5.0.9.RELEASE\spring-beans-5.0.9.RELEASE.jar;D:\itcast\maven\apache-maven-3.5.4\setting\org\springframework\spring-webmvc\5.0.9.RELEASE\spring-webmvc-5.0.9.RELEASE.jar;D:\itcast\maven\apache-maven-3.5.4\setting\org\springframework\spring-aop\5.0.9.RELEASE\spring-aop-5.0.9.RELEASE.jar;D:\itcast\maven\apache-maven-3.5.4\setting\org\springframework\spring-context\5.0.9.RELEASE\spring-context-5.0.9.RELEASE.jar;D:\itcast\maven\apache-maven-3.5.4\setting\org\springframework\spring-expression\5.0.9.RELEASE\spring-expression-5.0.9.RELEASE.jar;D:\itcast\maven\apache-maven-3.5.4\setting\org\springframework\boot\spring-boot-starter-test\2.0.5.RELEASE\spring-boot-starter-test-2.0.5.RELEASE.jar;D:\itcast\maven\apache-maven-3.5.4\setting\org\springframework\boot\spring-boot-test\2.0.5.RELEASE\spring-boot-test-2.0.5.RELEASE.jar;D:\itcast\maven\apache-maven-3.5.4\setting\org\springframework\boot\spring-boot-test-autoconfigure\2.0.5.RELEASE\spring-boot-test-autoconfigure-2.0.5.RELEASE.jar;D:\itcast\maven\apache-maven-3.5.4\setting\com\jayway\jsonpath\json-path\2.4.0\json-path-2.4.0.jar;D:\itcast\maven\apache-maven-3.5.4\setting\net\minidev\json-smart\2.3\json-smart-2.3.jar;D:\itcast\maven\apache-maven-3.5.4\setting\net\minidev\accessors-smart\1.2\accessors-smart-1.2.jar;D:\itcast\maven\apache-maven-3.5.4\setting\org\ow2\asm\asm\5.0.4\asm-5.0.4.jar;D:\itcast\maven\apache-maven-3.5.4\setting\org\slf4j\slf4j-api\1.7.25\slf4j-api-1.7.25.jar;D:\itcast\maven\apache-maven-3.5.4\setting\junit\junit\4.12\junit-4.12.jar;D:\itcast\maven\apache-maven-3.5.4\setting\org\assertj\assertj-core\3.9.1\assertj-core-3.9.1.jar;D:\itcast\maven\apache-maven-3.5.4\setting\org\mockito\mockito-core\2.15.0\mockito-core-2.15.0.jar;D:\itcast\maven\apache-maven-3.5.4\setting\net\bytebuddy\byte-buddy\1.7.11\byte-buddy-1.7.11.jar;D:\itcast\maven\apache-maven-3.5.4\setting\net\bytebuddy\byte-buddy-agent\1.7.11\byte-buddy-agent-1.7.11.jar;D:\itcast\maven\apache-maven-3.5.4\setting\org\objenesis\objenesis\2.6\objenesis-2.6.jar;D:\itcast\maven\apache-maven-3.5.4\setting\org\hamcrest\hamcrest-core\1.3\hamcrest-core-1.3.jar;D:\itcast\maven\apache-maven-3.5.4\setting\org\hamcrest\hamcrest-library\1.3\hamcrest-library-1.3.jar;D:\itcast\maven\apache-maven-3.5.4\setting\org\skyscreamer\jsonassert\1.5.0\jsonassert-1.5.0.jar;D:\itcast\maven\apache-maven-3.5.4\setting\com\vaadin\external\google\android-json\0.0.20131108.vaadin1\android-json-0.0.20131108.vaadin1.jar;D:\itcast\maven\apache-maven-3.5.4\setting\org\springframework\spring-core\5.0.9.RELEASE\spring-core-5.0.9.RELEASE.jar;D:\itcast\maven\apache-maven-3.5.4\setting\org\springframework\spring-jcl\5.0.9.RELEASE\spring-jcl-5.0.9.RELEASE.jar;D:\itcast\maven\apache-maven-3.5.4\setting\org\springframework\spring-test\5.0.9.RELEASE\spring-test-5.0.9.RELEASE.jar;D:\itcast\maven\apache-maven-3.5.4\setting\org\xmlunit\xmlunit-core\2.5.1\xmlunit-core-2.5.1.jar;D:\itcast\maven\apache-maven-3.5.4\setting\dom4j\dom4j\1.6\dom4j-1.6.jar;D:\itcast\maven\apache-maven-3.5.4\setting\xml-apis\xml-apis\1.4.01\xml-apis-1.4.01.jar;D:\itcast\maven\apache-maven-3.5.4\setting\org\mybatis\generator\mybatis-generator-core\1.3.6\mybatis-generator-core-1.3.6.jar;D:\itcast\maven\apache-maven-3.5.4\setting\org\springframework\boot\spring-boot-starter-logging\2.0.5.RELEASE\spring-boot-starter-logging-2.0.5.RELEASE.jar;D:\itcast\maven\apache-maven-3.5.4\setting\ch\qos\logback\logback-classic\1.2.3\logback-classic-1.2.3.jar;D:\itcast\maven\apache-maven-3.5.4\setting\ch\qos\logback\logback-core\1.2.3\logback-core-1.2.3.jar;D:\itcast\maven\apache-maven-3.5.4\setting\org\apache\logging\log4j\log4j-to-slf4j\2.10.0\log4j-to-slf4j-2.10.0.jar;D:\itcast\maven\apache-maven-3.5.4\setting\org\apache\logging\log4j\log4j-api\2.10.0\log4j-api-2.10.0.jar;D:\itcast\maven\apache-maven-3.5.4\setting\org\slf4j\jul-to-slf4j\1.7.25\jul-to-slf4j-1.7.25.jar;D:\itcast\maven\apache-maven-3.5.4\setting\ch\ethz\ganymed\ganymed-ssh2\build210\ganymed-ssh2-build210.jar;D:\itcast\maven\apache-maven-3.5.4\setting\org\apache\commons\commons-lang3\3.8.1\commons-lang3-3.8.1.jar;D:\itcast\maven\apache-maven-3.5.4\setting\com\jcraft\jsch\0.1.54\jsch-0.1.54.jar;D:\itcast\maven\apache-maven-3.5.4\setting\javax\servlet\servlet-api\2.5\servlet-api-2.5.jar;"/>
    <property name="java.vm.vendor" value="Oracle Corporation"/>
    <property name="sun.arch.data.model" value="32"/>
    <property name="user.variant" value=""/>
    <property name="java.vendor.url" value="http://java.oracle.com/"/>
    <property name="user.timezone" value="Asia/Shanghai"/>
    <property name="java.vm.specification.version" value="1.8"/>
    <property name="os.name" value="Windows 8.1"/>
    <property name="user.country" value="CN"/>
    <property name="sun.java.launcher" value="SUN_STANDARD"/>
    <property name="sun.boot.library.path" value="D:\itcast\jdk1.8.0_31\jre\bin"/>
    <property name="sun.java.command" value="C:\Users\admin\AppData\Local\Temp\surefire8492081231569505984\surefirebooter7826568074621589034.jar C:\Users\admin\AppData\Local\Temp\surefire8492081231569505984 2018-11-21T17-30-41_832-jvmRun1 surefire2742973697566005749tmp surefire_0481502220417754514tmp"/>
    <property name="surefire.test.class.path" value="D:\itcast\deiaDemo\gateway\target\test-classes;D:\itcast\deiaDemo\gateway\target\classes;D:\itcast\maven\apache-maven-3.5.4\setting\javax\servlet\javax.servlet-api\3.1.0\javax.servlet-api-3.1.0.jar;D:\itcast\maven\apache-maven-3.5.4\setting\org\springframework\boot\spring-boot-starter-web\2.0.5.RELEASE\spring-boot-starter-web-2.0.5.RELEASE.jar;D:\itcast\maven\apache-maven-3.5.4\setting\org\springframework\boot\spring-boot-starter\2.0.5.RELEASE\spring-boot-starter-2.0.5.RELEASE.jar;D:\itcast\maven\apache-maven-3.5.4\setting\org\springframework\boot\spring-boot\2.0.5.RELEASE\spring-boot-2.0.5.RELEASE.jar;D:\itcast\maven\apache-maven-3.5.4\setting\org\springframework\boot\spring-boot-autoconfigure\2.0.5.RELEASE\spring-boot-autoconfigure-2.0.5.RELEASE.jar;D:\itcast\maven\apache-maven-3.5.4\setting\javax\annotation\javax.annotation-api\1.3.2\javax.annotation-api-1.3.2.jar;D:\itcast\maven\apache-maven-3.5.4\setting\org\yaml\snakeyaml\1.19\snakeyaml-1.19.jar;D:\itcast\maven\apache-maven-3.5.4\setting\org\springframework\boot\spring-boot-starter-json\2.0.5.RELEASE\spring-boot-starter-json-2.0.5.RELEASE.jar;D:\itcast\maven\apache-maven-3.5.4\setting\com\fasterxml\jackson\core\jackson-databind\2.9.6\jackson-databind-2.9.6.jar;D:\itcast\maven\apache-maven-3.5.4\setting\com\fasterxml\jackson\core\jackson-annotations\2.9.0\jackson-annotations-2.9.0.jar;D:\itcast\maven\apache-maven-3.5.4\setting\com\fasterxml\jackson\core\jackson-core\2.9.6\jackson-core-2.9.6.jar;D:\itcast\maven\apache-maven-3.5.4\setting\com\fasterxml\jackson\datatype\jackson-datatype-jdk8\2.9.6\jackson-datatype-jdk8-2.9.6.jar;D:\itcast\maven\apache-maven-3.5.4\setting\com\fasterxml\jackson\datatype\jackson-datatype-jsr310\2.9.6\jackson-datatype-jsr310-2.9.6.jar;D:\itcast\maven\apache-maven-3.5.4\setting\com\fasterxml\jackson\module\jackson-module-parameter-names\2.9.6\jackson-module-parameter-names-2.9.6.jar;D:\itcast\maven\apache-maven-3.5.4\setting\org\springframework\boot\spring-boot-starter-tomcat\2.0.5.RELEASE\spring-boot-starter-tomcat-2.0.5.RELEASE.jar;D:\itcast\maven\apache-maven-3.5.4\setting\org\apache\tomcat\embed\tomcat-embed-core\8.5.34\tomcat-embed-core-8.5.34.jar;D:\itcast\maven\apache-maven-3.5.4\setting\org\apache\tomcat\embed\tomcat-embed-el\8.5.34\tomcat-embed-el-8.5.34.jar;D:\itcast\maven\apache-maven-3.5.4\setting\org\apache\tomcat\embed\tomcat-embed-websocket\8.5.34\tomcat-embed-websocket-8.5.34.jar;D:\itcast\maven\apache-maven-3.5.4\setting\org\hibernate\validator\hibernate-validator\6.0.12.Final\hibernate-validator-6.0.12.Final.jar;D:\itcast\maven\apache-maven-3.5.4\setting\javax\validation\validation-api\2.0.1.Final\validation-api-2.0.1.Final.jar;D:\itcast\maven\apache-maven-3.5.4\setting\org\jboss\logging\jboss-logging\3.3.2.Final\jboss-logging-3.3.2.Final.jar;D:\itcast\maven\apache-maven-3.5.4\setting\com\fasterxml\classmate\1.3.4\classmate-1.3.4.jar;D:\itcast\maven\apache-maven-3.5.4\setting\org\springframework\spring-web\5.0.9.RELEASE\spring-web-5.0.9.RELEASE.jar;D:\itcast\maven\apache-maven-3.5.4\setting\org\springframework\spring-beans\5.0.9.RELEASE\spring-beans-5.0.9.RELEASE.jar;D:\itcast\maven\apache-maven-3.5.4\setting\org\springframework\spring-webmvc\5.0.9.RELEASE\spring-webmvc-5.0.9.RELEASE.jar;D:\itcast\maven\apache-maven-3.5.4\setting\org\springframework\spring-aop\5.0.9.RELEASE\spring-aop-5.0.9.RELEASE.jar;D:\itcast\maven\apache-maven-3.5.4\setting\org\springframework\spring-context\5.0.9.RELEASE\spring-context-5.0.9.RELEASE.jar;D:\itcast\maven\apache-maven-3.5.4\setting\org\springframework\spring-expression\5.0.9.RELEASE\spring-expression-5.0.9.RELEASE.jar;D:\itcast\maven\apache-maven-3.5.4\setting\org\springframework\boot\spring-boot-starter-test\2.0.5.RELEASE\spring-boot-starter-test-2.0.5.RELEASE.jar;D:\itcast\maven\apache-maven-3.5.4\setting\org\springframework\boot\spring-boot-test\2.0.5.RELEASE\spring-boot-test-2.0.5.RELEASE.jar;D:\itcast\maven\apache-maven-3.5.4\setting\org\springframework\boot\spring-boot-test-autoconfigure\2.0.5.RELEASE\spring-boot-test-autoconfigure-2.0.5.RELEASE.jar;D:\itcast\maven\apache-maven-3.5.4\setting\com\jayway\jsonpath\json-path\2.4.0\json-path-2.4.0.jar;D:\itcast\maven\apache-maven-3.5.4\setting\net\minidev\json-smart\2.3\json-smart-2.3.jar;D:\itcast\maven\apache-maven-3.5.4\setting\net\minidev\accessors-smart\1.2\accessors-smart-1.2.jar;D:\itcast\maven\apache-maven-3.5.4\setting\org\ow2\asm\asm\5.0.4\asm-5.0.4.jar;D:\itcast\maven\apache-maven-3.5.4\setting\org\slf4j\slf4j-api\1.7.25\slf4j-api-1.7.25.jar;D:\itcast\maven\apache-maven-3.5.4\setting\junit\junit\4.12\junit-4.12.jar;D:\itcast\maven\apache-maven-3.5.4\setting\org\assertj\assertj-core\3.9.1\assertj-core-3.9.1.jar;D:\itcast\maven\apache-maven-3.5.4\setting\org\mockito\mockito-core\2.15.0\mockito-core-2.15.0.jar;D:\itcast\maven\apache-maven-3.5.4\setting\net\bytebuddy\byte-buddy\1.7.11\byte-buddy-1.7.11.jar;D:\itcast\maven\apache-maven-3.5.4\setting\net\bytebuddy\byte-buddy-agent\1.7.11\byte-buddy-agent-1.7.11.jar;D:\itcast\maven\apache-maven-3.5.4\setting\org\objenesis\objenesis\2.6\objenesis-2.6.jar;D:\itcast\maven\apache-maven-3.5.4\setting\org\hamcrest\hamcrest-core\1.3\hamcrest-core-1.3.jar;D:\itcast\maven\apache-maven-3.5.4\setting\org\hamcrest\hamcrest-library\1.3\hamcrest-library-1.3.jar;D:\itcast\maven\apache-maven-3.5.4\setting\org\skyscreamer\jsonassert\1.5.0\jsonassert-1.5.0.jar;D:\itcast\maven\apache-maven-3.5.4\setting\com\vaadin\external\google\android-json\0.0.20131108.vaadin1\android-json-0.0.20131108.vaadin1.jar;D:\itcast\maven\apache-maven-3.5.4\setting\org\springframework\spring-core\5.0.9.RELEASE\spring-core-5.0.9.RELEASE.jar;D:\itcast\maven\apache-maven-3.5.4\setting\org\springframework\spring-jcl\5.0.9.RELEASE\spring-jcl-5.0.9.RELEASE.jar;D:\itcast\maven\apache-maven-3.5.4\setting\org\springframework\spring-test\5.0.9.RELEASE\spring-test-5.0.9.RELEASE.jar;D:\itcast\maven\apache-maven-3.5.4\setting\org\xmlunit\xmlunit-core\2.5.1\xmlunit-core-2.5.1.jar;D:\itcast\maven\apache-maven-3.5.4\setting\dom4j\dom4j\1.6\dom4j-1.6.jar;D:\itcast\maven\apache-maven-3.5.4\setting\xml-apis\xml-apis\1.4.01\xml-apis-1.4.01.jar;D:\itcast\maven\apache-maven-3.5.4\setting\org\mybatis\generator\mybatis-generator-core\1.3.6\mybatis-generator-core-1.3.6.jar;D:\itcast\maven\apache-maven-3.5.4\setting\org\springframework\boot\spring-boot-starter-logging\2.0.5.RELEASE\spring-boot-starter-logging-2.0.5.RELEASE.jar;D:\itcast\maven\apache-maven-3.5.4\setting\ch\qos\logback\logback-classic\1.2.3\logback-classic-1.2.3.jar;D:\itcast\maven\apache-maven-3.5.4\setting\ch\qos\logback\logback-core\1.2.3\logback-core-1.2.3.jar;D:\itcast\maven\apache-maven-3.5.4\setting\org\apache\logging\log4j\log4j-to-slf4j\2.10.0\log4j-to-slf4j-2.10.0.jar;D:\itcast\maven\apache-maven-3.5.4\setting\org\apache\logging\log4j\log4j-api\2.10.0\log4j-api-2.10.0.jar;D:\itcast\maven\apache-maven-3.5.4\setting\org\slf4j\jul-to-slf4j\1.7.25\jul-to-slf4j-1.7.25.jar;D:\itcast\maven\apache-maven-3.5.4\setting\ch\ethz\ganymed\ganymed-ssh2\build210\ganymed-ssh2-build210.jar;D:\itcast\maven\apache-maven-3.5.4\setting\org\apache\commons\commons-lang3\3.8.1\commons-lang3-3.8.1.jar;D:\itcast\maven\apache-maven-3.5.4\setting\com\jcraft\jsch\0.1.54\jsch-0.1.54.jar;D:\itcast\maven\apache-maven-3.5.4\setting\javax\servlet\servlet-api\2.5\servlet-api-2.5.jar;"/>
    <property name="sun.cpu.endian" value="little"/>
    <property name="user.home" value="C:\Users\admin"/>
    <property name="user.language" value="zh"/>
    <property name="java.specification.vendor" value="Oracle Corporation"/>
    <property name="java.home" value="D:\itcast\jdk1.8.0_31\jre"/>
    <property name="basedir" value="D:\itcast\deiaDemo\gateway"/>
    <property name="file.separator" value="\"/>
    <property name="line.separator" value="&#10;"/>
    <property name="java.vm.specification.vendor" value="Oracle Corporation"/>
    <property name="java.specification.name" value="Java Platform API Specification"/>
    <property name="java.awt.graphicsenv" value="sun.awt.Win32GraphicsEnvironment"/>
    <property name="surefire.real.class.path" value="C:\Users\admin\AppData\Local\Temp\surefire8492081231569505984\surefirebooter7826568074621589034.jar"/>
    <property name="sun.boot.class.path" value="D:\itcast\jdk1.8.0_31\jre\lib\resources.jar;D:\itcast\jdk1.8.0_31\jre\lib\rt.jar;D:\itcast\jdk1.8.0_31\jre\lib\sunrsasign.jar;D:\itcast\jdk1.8.0_31\jre\lib\jsse.jar;D:\itcast\jdk1.8.0_31\jre\lib\jce.jar;D:\itcast\jdk1.8.0_31\jre\lib\charsets.jar;D:\itcast\jdk1.8.0_31\jre\lib\jfr.jar;D:\itcast\jdk1.8.0_31\jre\classes"/>
    <property name="user.script" value=""/>
    <property name="sun.management.compiler" value="HotSpot Client Compiler"/>
    <property name="java.runtime.version" value="1.8.0_31-b13"/>
    <property name="user.name" value="admin"/>
    <property name="path.separator" value=";"/>
    <property name="os.version" value="6.3"/>
    <property name="java.endorsed.dirs" value="D:\itcast\jdk1.8.0_31\jre\lib\endorsed"/>
    <property name="java.runtime.name" value="Java(TM) SE Runtime Environment"/>
    <property name="file.encoding" value="GBK"/>
    <property name="java.vm.name" value="Java HotSpot(TM) Client VM"/>
    <property name="localRepository" value="D:\itcast\maven\apache-maven-3.5.4\setting"/>
    <property name="java.vendor.url.bug" value="http://bugreport.sun.com/bugreport/"/>
    <property name="java.io.tmpdir" value="C:\Users\admin\AppData\Local\Temp\"/>
    <property name="idea.version" value="2017.2.2"/>
    <property name="java.version" value="1.8.0_31"/>
    <property name="user.dir" value="D:\itcast\deiaDemo\gateway"/>
    <property name="os.arch" value="x86"/>
    <property name="java.vm.specification.name" value="Java Virtual Machine Specification"/>
    <property name="java.awt.printerjob" value="sun.awt.windows.WPrinterJob"/>
    <property name="sun.os.patch.level" value=""/>
    <property name="java.library.path" value="D:\itcast\jdk1.8.0_31\jre\bin;C:\WINDOWS\Sun\Java\bin;C:\WINDOWS\system32;C:\WINDOWS;D:\itcast\jdk1.8.0_31\bin;D:\itcast\jdk1.8.0_31\jre\bin;C:\WINDOWS\system32;C:\WINDOWS;C:\WINDOWS\System32\Wbem;C:\WINDOWS\System32\WindowsPowerShell\v1.0\;D:\新建文件夹\MySQLServer\bin;D:\M;SQL\MySQL Server\bin;C:\WINDOWS\System32\OpenSSH\;D:\SVM\Service\bin;D:\TortoiseSVN\bin;D:\Git\cmd;D:\TortoiseGit\bin;D:\Program Files\nodejs\;D:\MySQL\MySQL Server\bin;C:\Users\admin\AppData\Local\Microsoft\WindowsApps;C:\Users\admin\AppData\Local\GitHubDesktop\bin;C:\Users\admin\AppData\Local\Microsoft\WindowsApps;D:\itcast\maven\apache-maven-3.3.9\bin;C:\Users\admin\AppData\Roaming\npm;D:\Microsoft VS Code\bin;."/>
    <property name="java.vm.info" value="mixed mode"/>
    <property name="java.vendor" value="Oracle Corporation"/>
    <property name="java.vm.version" value="25.31-b07"/>
    <property name="java.ext.dirs" value="D:\itcast\jdk1.8.0_31\jre\lib\ext;C:\WINDOWS\Sun\Java\lib\ext"/>
    <property name="sun.io.unicode.encoding" value="UnicodeLittle"/>
    <property name="maven.repo.local" value="D:\itcast\maven\apache-maven-3.5.4\setting"/>
    <property name="java.class.version" value="52.0"/>
  </properties>
  <testcase name="test" classname="com.icbc.gateway.GatewayApplicationTests" time="0.487"/>
  <testcase name="test2" classname="com.icbc.gateway.GatewayApplicationTests" time="0.003"/>
  <testcase name="test3" classname="com.icbc.gateway.GatewayApplicationTests" time="0.006"/>
</testsuite>